16:49:42 - Responce from remote Server, 12220

16:52:11 - Query from client, -6613

16:52:11 - Responce from remote Server, -6613

16:52:15 - Query from client, 1334

16:52:15 - Responce from remote Server, 1334

23:18:17 - Query from client, -9621

23:18:17 - Responce from remote Server, -9621

23:18:30 - Query from client, -8310

23:18:30 - Responce from remote Server, -8310

23:27:44 - Query from client, -4310

23:27:44 - Responce from remote Server, -4310

23:28:3 - Query from client, 20046

23:28:3 - Responce from remote Server, 20046

23:30:7 - Query from client, 26985

23:30:7 - Responce from remote Server, 26985

23:30:48 - Query from client, -11568

23:30:48 - Responce from remote Server, -11568

23:31:32 - Query from client, 32471

23:31:32 - Responce from remote Server, 32471

23:34:23 - Query from client, 10426

23:34:23 - Responce from remote Server, 10426

23:34:52 - Query from client, -21148

23:34:52 - Responce from remote Server, -21148

23:35:43 - Query from client, -17704

23:35:43 - Responce from remote Server, -17704

23:44:30 - Query from client, 27866

23:44:30 - Responce from remote Server, 27866

23:57:7 - Query from client, 30002

23:57:7 - Responce from remote Server, 30002

23:58:20 - Query from client, -32291

23:58:20 - Responce from remote Server, -32291

23:59:47 - Query from client, 1335

23:59:47 - Responce from remote Server, 1335

0:0:48 - Query from client, 18918

0:0:48 - Responce from remote Server, 18918

0:0:52 - Query from client, -10327

0:0:56 - Query from client, 12753

0:0:58 - Query from client, -31114

0:1:0 - Query from client, -20530

0:1:25 - Query from client, 30532

0:1:27 - Query from client, 11833

0:5:52 - Query from client, 9858

0:5:52 - Responce from remote Server, 9858

0:17:40 - Query from client, -7158

0:17:40 - Responce from remote Server, -7158

0:18:8 - Query from client, -16035

0:18:8 - Responce from remote Server, -16035

0:21:23 - Query from client, -30487

0:21:23 - Responce from remote Server, -30487

0:21:38 - Query from client, -21006

0:21:38 - Responce from remote Server, -21006

0:21:49 - Query from client, 5173

0:21:49 - Responce from remote Server, 5173

0:23:16 - Query from client, 4078

0:23:16 - Responce from remote Server, 4078

0:24:0 - Query from client, -16770

0:24:0 - Responce from remote Server, -16770

11:10:56 - Query from client, 27135

11:10:57 - Responce from remote Server, 27135

11:13:7 - Query from client, 30661

11:13:7 - Responce from remote Server, 30661

4:22:11:35:38 - Query from client, 64068, mail.ru.

4:22:11:35:38 - Query from client, 64068, mail.ru.

4:22:11:49:38 - Query from client, 44337, mail.ru.

4:22:11:49:38 - Query from client, 44337, mail.ru.

4:22:11:49:48 - Query from client, 59291, mail.ru.

4:22:11:50:18 - Query from client, 13197, mail.ru.

4:22:11:50:18 - Query from client, 13197, mail.ru.

4:22:11:50:52 - Query from client, 29652, mail.ru.

4:22:11:50:52 - Query from client, 29652, mail.ru.

4:22:12:5:18 - Query from client, 31429, mail.ru.

4:22:12:5:18 - Query from client, 31429, mail.ru.

4:22:12:7:6 - Query from client, 22304, mail.ru.

4:22:12:7:6 - Query from client, 22304, mail.ru.

4:22:12:17:15 - Query from client, 38891, mail.ru.

4:22:12:24:4 - Query from client, 41543, mail.ru.

4:22:12:24:5 - Query from client, 41543, mail.ru.

4:22:12:24:27 - Query from client, 55763, mail.ru.

4:22:12:24:27 - Query from client, 55763, mail.ru.

4:22:12:24:58 - Query from client, 19730, mail.ru.

4:22:12:24:58 - Query from client, 19730, mail.ru.

4:22:12:28:37 - Query from client, 38264, mail.ru.

4:22:12:28:37 - Query from client, 38264, mail.ru.

4:22:12:30:20 - Query from client, 53917, mail.ru.

4:22:12:30:21 - Query from client, 53917, mail.ru.

4:22:13:3:38 - Query from client, 23000, mail.ru.

4:22:13:3:38 - Query from client, 23000, mail.ru.

4:22:13:32:54 - Query from client, 15360, mail.ru.

4:22:13:32:54 - Query from client, 15360, mail.ru.

4:22:13:33:20 - Query from client, 65062, mail.ru.

4:22:13:33:20 - Query from client, 65062, mail.ru.

4:22:13:33:25 - Query from client, 39538, mail.ru.

4:22:13:36:12 - Query from client, 17174, mail.ru.

4:22:13:36:12 - Query from client, 17174, mail.ru.

4:22:13:36:18 - Query from client, 38819, mail.ru.

4:22:13:47:26 - Query from client, 24898, mail.ru.

4:22:13:47:26 - Query from client, 24898, mail.ru.

4:22:13:48:24 - Query from client, 38223, mail.ru.

4:22:13:48:29 - Query from client, 9295, mail.ru.

4:22:13:48:29 - Query from client, 9295, mail.ru.

4:22:13:53:56 - Query from client, 63243, mail.ru.

4:22:13:53:59 - Query from client, 28104, mail.ru.

4:22:13:56:6 - Query from client, 59108, mail.ru.

4:22:13:56:48 - Query from client, 25880, mail.ru.

4:22:14:12:22 - Query from client, 56494, mail.ru.

4:22:14:12:33 - Query from client, 62575, solod.zz.mu.

4:22:14:12:34 - Query from client, 62575, solod.zz.mu.

4:22:14:12:48 - Query from client, 38306, yandex.ru.

4:22:14:12:48 - Query from client, 38306, yandex.ru.

2018:4:22:14:36:7 - Query from client, 46965, yandex.ru.

2018:4:22:14:36:7 - Query from client, 46965, yandex.ru.

2018:4:22:14:38:25 - Query from client, 56961, 88.255.255.5.in-addr.arpa.

2018:4:22:14:38:25 - Query from client, 56961, 88.255.255.5.in-addr.arpa.

2018:4:22:14:38:47 - Query from client, 53996, solod.zz.mu.

2018:4:22:14:38:47 - Query from client, 53996, solod.zz.mu.

2018:4:22:14:40:9 - Query from client, 31107, solod.zz.mu.

2018:4:22:14:40:50 - Query from client, 7127, noisli.com.

2018:4:22:14:40:50 - Query from client, 7127, noisli.com.

2018:4:22:14:41:7 - Query from client, 65285, yandex.ru.

2018:4:22:14:41:7 - Query from client, 65285, yandex.ru.

